# JRE version: OpenJDK Runtime Environment (21.0.8) (build 21.0.8+-14018985-b1038.68)
# Java VM: OpenJDK 64-Bit Server VM (21.0.8+-14018985-b1038.68, mixed mode, tiered, compressed oops, compressed class ptrs, g1 gc, windows-amd64)
GC Precious Log:
 CardTable entry size: 512
 Card Set container configuration: InlinePtr #cards 5 size 8 Array Of Cards #cards 12 size 40 Howl #buckets 4 coarsen threshold 1843 Howl Bitmap #cards 512 size 80 coarsen threshold 460 Card regions per heap region 1 cards per card region 2048
 CPUs: 16 total, 16 available
 Memory: 16068M
 Large Page Support: Disabled
 NUMA Support: Disabled
 Compressed Oops: Enabled (32-bit)
 Heap Region Size: 1M
 Heap Min Capacity: 8M
 Heap Initial Capacity: 252M
 Heap Max Capacity: 2G
 Pre-touch: Disabled
 Parallel Workers: 13
 Concurrent Workers: 3
 Concurrent Refinement Workers: 13
 Periodic GC: Disabled
Heap:
 garbage-first heap   total 92160K, used 56929K [0x0000000080000000, 0x0000000100000000)
  region size 1024K, 10 young (10240K), 3 survivors (3072K)
 Metaspace       used 72890K, committed 74560K, reserved 1114112K
  class space    used 10222K, committed 11008K, reserved 1048576K
GC Heap History (20 events):
Event: 4.040 GC heap after
{Heap after GC invocations=11 (full 0):
 garbage-first heap   total 71680K, used 31563K [0x0000000080000000, 0x0000000100000000)
  region size 1024K, 3 young (3072K), 3 survivors (3072K)
 Metaspace       used 44374K, committed 45312K, reserved 1114112K
  class space    used 6048K, committed 6464K, reserved 1048576K
}
Event: 4.138 GC heap before
{Heap before GC invocations=11 (full 0):
 garbage-first heap   total 71680K, used 41803K [0x0000000080000000, 0x0000000100000000)
  region size 1024K, 12 young (12288K), 3 survivors (3072K)
 Metaspace       used 45201K, committed 46144K, reserved 1114112K
  class space    used 6178K, committed 6592K, reserved 1048576K
}
Event: 4.142 GC heap after
{Heap after GC invocations=12 (full 0):
 garbage-first heap   total 71680K, used 34033K [0x0000000080000000, 0x0000000100000000)
  region size 1024K, 1 young (1024K), 1 survivors (1024K)
 Metaspace       used 45201K, committed 46144K, reserved 1114112K
  class space    used 6178K, committed 6592K, reserved 1048576K
}
Event: 4.642 GC heap before
{Heap before GC invocations=13 (full 0):
 garbage-first heap   total 71680K, used 65777K [0x0000000080000000, 0x0000000100000000)
  region size 1024K, 30 young (30720K), 1 survivors (1024K)
 Metaspace       used 49346K, committed 50560K, reserved 1114112K
  class space    used 6752K, committed 7360K, reserved 1048576K
}
Event: 4.645 GC heap after
{Heap after GC invocations=14 (full 0):
 garbage-first heap   total 92160K, used 34197K [0x0000000080000000, 0x0000000100000000)
  region size 1024K, 4 young (4096K), 4 survivors (4096K)
 Metaspace       used 49346K, committed 50560K, reserved 1114112K
  class space    used 6752K, committed 7360K, reserved 1048576K
}
Event: 5.209 GC heap before
{Heap before GC invocations=14 (full 0):
 garbage-first heap   total 92160K, used 78229K [0x0000000080000000, 0x0000000100000000)
  region size 1024K, 48 young (49152K), 4 survivors (4096K)
 Metaspace       used 55227K, committed 56576K, reserved 1114112K
  class space    used 7742K, committed 8384K, reserved 1048576K
}
Event: 5.213 GC heap after
{Heap after GC invocations=15 (full 0):
 garbage-first heap   total 92160K, used 36183K [0x0000000080000000, 0x0000000100000000)
  region size 1024K, 6 young (6144K), 6 survivors (6144K)
 Metaspace       used 55227K, committed 56576K, reserved 1114112K
  class space    used 7742K, committed 8384K, reserved 1048576K
}
Event: 5.692 GC heap before
{Heap before GC invocations=15 (full 0):
 garbage-first heap   total 92160K, used 56663K [0x0000000080000000, 0x0000000100000000)
  region size 1024K, 28 young (28672K), 6 survivors (6144K)
 Metaspace       used 56978K, committed 58496K, reserved 1114112K
  class space    used 8000K, committed 8704K, reserved 1048576K
}
Event: 5.696 GC heap after
{Heap after GC invocations=16 (full 0):
 garbage-first heap   total 92160K, used 39890K [0x0000000080000000, 0x0000000100000000)
  region size 1024K, 6 young (6144K), 6 survivors (6144K)
 Metaspace       used 56978K, committed 58496K, reserved 1114112K
  class space    used 8000K, committed 8704K, reserved 1048576K
}
Event: 6.146 GC heap before
{Heap before GC invocations=17 (full 0):
 garbage-first heap   total 92160K, used 81874K [0x0000000080000000, 0x0000000100000000)
  region size 1024K, 45 young (46080K), 6 survivors (6144K)
 Metaspace       used 59844K, committed 61312K, reserved 1114112K
  class space    used 8334K, committed 9024K, reserved 1048576K
}
Event: 6.149 GC heap after
{Heap after GC invocations=18 (full 0):
 garbage-first heap   total 92160K, used 40803K [0x0000000080000000, 0x0000000100000000)
  region size 1024K, 2 young (2048K), 2 survivors (2048K)
 Metaspace       used 59844K, committed 61312K, reserved 1114112K
  class space    used 8334K, committed 9024K, reserved 1048576K
}
Event: 6.835 GC heap before
{Heap before GC invocations=18 (full 0):
 garbage-first heap   total 92160K, used 80739K [0x0000000080000000, 0x0000000100000000)
  region size 1024K, 41 young (41984K), 2 survivors (2048K)
 Metaspace       used 65679K, committed 67200K, reserved 1114112K
  class space    used 9190K, committed 9920K, reserved 1048576K
}
Event: 6.837 GC heap after
{Heap after GC invocations=19 (full 0):
 garbage-first heap   total 92160K, used 42655K [0x0000000080000000, 0x0000000100000000)
  region size 1024K, 3 young (3072K), 3 survivors (3072K)
 Metaspace       used 65679K, committed 67200K, reserved 1114112K
  class space    used 9190K, committed 9920K, reserved 1048576K
}
Event: 7.657 GC heap before
{Heap before GC invocations=19 (full 0):
 garbage-first heap   total 92160K, used 82591K [0x0000000080000000, 0x0000000100000000)
  region size 1024K, 42 young (43008K), 3 survivors (3072K)
 Metaspace       used 70590K, committed 72320K, reserved 1114112K
  class space    used 10004K, committed 10816K, reserved 1048576K
}
Event: 7.661 GC heap after
{Heap after GC invocations=20 (full 0):
 garbage-first heap   total 92160K, used 44467K [0x0000000080000000, 0x0000000100000000)
  region size 1024K, 5 young (5120K), 5 survivors (5120K)
 Metaspace       used 70590K, committed 72320K, reserved 1114112K
  class space    used 10004K, committed 10816K, reserved 1048576K
}
Event: 10.518 GC heap before
{Heap before GC invocations=21 (full 0):
 garbage-first heap   total 92160K, used 80307K [0x0000000080000000, 0x0000000100000000)
  region size 1024K, 41 young (41984K), 5 survivors (5120K)
 Metaspace       used 72477K, committed 74176K, reserved 1114112K
  class space    used 10215K, committed 11008K, reserved 1048576K
}
Event: 10.523 GC heap after
{Heap after GC invocations=22 (full 0):
 garbage-first heap   total 92160K, used 48768K [0x0000000080000000, 0x0000000100000000)
  region size 1024K, 6 young (6144K), 6 survivors (6144K)
 Metaspace       used 72477K, committed 74176K, reserved 1114112K
  class space    used 10215K, committed 11008K, reserved 1048576K
}
Event: 10.650 GC heap before
{Heap before GC invocations=22 (full 0):
 garbage-first heap   total 92160K, used 79488K [0x0000000080000000, 0x0000000100000000)
  region size 1024K, 37 young (37888K), 6 survivors (6144K)
 Metaspace       used 72822K, committed 74496K, reserved 1114112K
  class space    used 10215K, committed 11008K, reserved 1048576K
}
Event: 10.654 GC heap after
{Heap after GC invocations=23 (full 0):
 garbage-first heap   total 92160K, used 50765K [0x0000000080000000, 0x0000000100000000)
  region size 1024K, 4 young (4096K), 4 survivors (4096K)
 Metaspace       used 72822K, committed 74496K, reserved 1114112K
  class space    used 10215K, committed 11008K, reserved 1048576K
}
Event: 14.773 GC heap before
{Heap before GC invocations=23 (full 0):
 garbage-first heap   total 92160K, used 80461K [0x0000000080000000, 0x0000000100000000)
  region size 1024K, 34 young (34816K), 4 survivors (4096K)
 Metaspace       used 72869K, committed 74560K, reserved 1114112K
  class space    used 10218K, committed 11008K, reserved 1048576K
}

